# JRE version: Java(TM) SE Runtime Environment (8.0_20-b26) (build 1.8.0_20-b26)
# Java VM: Java HotSpot(TM) 64-Bit Server VM (25.20-b23 mixed mode linux-amd64 compressed oops)
Heap:
 PSYoungGen      total 77824K, used 44725K [0x00000000ec700000, 0x00000000f4000000, 0x0000000100000000)
  eden space 77312K, 57% used [0x00000000ec700000,0x00000000ef2ad518,0x00000000f1280000)
  from space 512K, 0% used [0x00000000f3f80000,0x00000000f3f80000,0x00000000f4000000)
  to   space 512K, 0% used [0x00000000f3f00000,0x00000000f3f00000,0x00000000f3f80000)
 ParOldGen       total 120832K, used 82176K [0x00000000c5400000, 0x00000000cca00000, 0x00000000ec700000)
  object space 120832K, 68% used [0x00000000c5400000,0x00000000ca4400a0,0x00000000cca00000)
 Metaspace       used 2446K, capacity 4490K, committed 4864K, reserved 1056768K
  class space    used 264K, capacity 386K, committed 512K, reserved 1048576K
GC Heap History (10 events):
Event: 0,288 GC heap before
{Heap before GC invocations=3 (full 0):
 PSYoungGen      total 33280K, used 31056K [0x00000000ec700000, 0x00000000eea00000, 0x0000000100000000)
  eden space 30720K, 100% used [0x00000000ec700000,0x00000000ee500000,0x00000000ee500000)
  from space 2560K, 13% used [0x00000000ee780000,0x00000000ee7d4010,0x00000000eea00000)
  to   space 2560K, 0% used [0x00000000ee500000,0x00000000ee500000,0x00000000ee780000)
 ParOldGen       total 40960K, used 33296K [0x00000000c5400000, 0x00000000c7c00000, 0x00000000ec700000)
  object space 40960K, 81% used [0x00000000c5400000,0x00000000c7484030,0x00000000c7c00000)
 Metaspace       used 2446K, capacity 4490K, committed 4864K, reserved 1056768K
  class space    used 264K, capacity 386K, committed 512K, reserved 1048576K
Event: 0,323 GC heap after
Heap after GC invocations=3 (full 0):
 PSYoungGen      total 33280K, used 304K [0x00000000ec700000, 0x00000000f0800000, 0x0000000100000000)
  eden space 30720K, 0% used [0x00000000ec700000,0x00000000ec700000,0x00000000ee500000)
  from space 2560K, 11% used [0x00000000ee500000,0x00000000ee54c010,0x00000000ee780000)
  to   space 2560K, 0% used [0x00000000f0580000,0x00000000f0580000,0x00000000f0800000)
 ParOldGen       total 40960K, used 33296K [0x00000000c5400000, 0x00000000c7c00000, 0x00000000ec700000)
  object space 40960K, 81% used [0x00000000c5400000,0x00000000c7484030,0x00000000c7c00000)
 Metaspace       used 2446K, capacity 4490K, committed 4864K, reserved 1056768K
  class space    used 264K, capacity 386K, committed 512K, reserved 1048576K
}
Event: 0,398 GC heap before
{Heap before GC invocations=4 (full 0):
 PSYoungGen      total 33280K, used 31024K [0x00000000ec700000, 0x00000000f0800000, 0x0000000100000000)
  eden space 30720K, 100% used [0x00000000ec700000,0x00000000ee500000,0x00000000ee500000)
  from space 2560K, 11% used [0x00000000ee500000,0x00000000ee54c010,0x00000000ee780000)
  to   space 2560K, 0% used [0x00000000f0580000,0x00000000f0580000,0x00000000f0800000)
 ParOldGen       total 82432K, used 74256K [0x00000000c5400000, 0x00000000ca480000, 0x00000000ec700000)
  object space 82432K, 90% used [0x00000000c5400000,0x00000000c9c84040,0x00000000ca480000)
 Metaspace       used 2446K, capacity 4490K, committed 4864K, reserved 1056768K
  class space    used 264K, capacity 386K, committed 512K, reserved 1048576K
Event: 0,475 GC heap after
Heap after GC invocations=4 (full 0):
 PSYoungGen      total 64000K, used 320K [0x00000000ec700000, 0x00000000f0800000, 0x0000000100000000)
  eden space 61440K, 0% used [0x00000000ec700000,0x00000000ec700000,0x00000000f0300000)
  from space 2560K, 12% used [0x00000000f0580000,0x00000000f05d0000,0x00000000f0800000)
  to   space 2560K, 0% used [0x00000000f0300000,0x00000000f0300000,0x00000000f0580000)
 ParOldGen       total 82432K, used 74264K [0x00000000c5400000, 0x00000000ca480000, 0x00000000ec700000)
  object space 82432K, 90% used [0x00000000c5400000,0x00000000c9c86040,0x00000000ca480000)
 Metaspace       used 2446K, capacity 4490K, committed 4864K, reserved 1056768K
  class space    used 264K, capacity 386K, committed 512K, reserved 1048576K
}
Event: 0,657 GC heap before
{Heap before GC invocations=5 (full 0):
 PSYoungGen      total 64000K, used 61760K [0x00000000ec700000, 0x00000000f0800000, 0x0000000100000000)
  eden space 61440K, 100% used [0x00000000ec700000,0x00000000f0300000,0x00000000f0300000)
  from space 2560K, 12% used [0x00000000f0580000,0x00000000f05d0000,0x00000000f0800000)
  to   space 2560K, 0% used [0x00000000f0300000,0x00000000f0300000,0x00000000f0580000)
 ParOldGen       total 164864K, used 156184K [0x00000000c5400000, 0x00000000cf500000, 0x00000000ec700000)
  object space 164864K, 94% used [0x00000000c5400000,0x00000000cec86050,0x00000000cf500000)
 Metaspace       used 2446K, capacity 4490K, committed 4864K, reserved 1056768K
  class space    used 264K, capacity 386K, committed 512K, reserved 1048576K
Event: 0,881 GC heap after
Heap after GC invocations=5 (full 0):
 PSYoungGen      total 64000K, used 320K [0x00000000ec700000, 0x00000000f4000000, 0x0000000100000000)
  eden space 61440K, 0% used [0x00000000ec700000,0x00000000ec700000,0x00000000f0300000)
  from space 2560K, 12% used [0x00000000f0300000,0x00000000f0350000,0x00000000f0580000)
  to   space 512K, 0% used [0x00000000f3f80000,0x00000000f3f80000,0x00000000f4000000)
 ParOldGen       total 164864K, used 156184K [0x00000000c5400000, 0x00000000cf500000, 0x00000000ec700000)
  object space 164864K, 94% used [0x00000000c5400000,0x00000000cec86050,0x00000000cf500000)
 Metaspace       used 2446K, capacity 4490K, committed 4864K, reserved 1056768K
  class space    used 264K, capacity 386K, committed 512K, reserved 1048576K
}
Event: 0,881 GC heap before
{Heap before GC invocations=6 (full 1):
 PSYoungGen      total 64000K, used 320K [0x00000000ec700000, 0x00000000f4000000, 0x0000000100000000)
  eden space 61440K, 0% used [0x00000000ec700000,0x00000000ec700000,0x00000000f0300000)
  from space 2560K, 12% used [0x00000000f0300000,0x00000000f0350000,0x00000000f0580000)
  to   space 512K, 0% used [0x00000000f3f80000,0x00000000f3f80000,0x00000000f4000000)
 ParOldGen       total 164864K, used 156184K [0x00000000c5400000, 0x00000000cf500000, 0x00000000ec700000)
  object space 164864K, 94% used [0x00000000c5400000,0x00000000cec86050,0x00000000cf500000)
 Metaspace       used 2446K, capacity 4490K, committed 4864K, reserved 1056768K
  class space    used 264K, capacity 386K, committed 512K, reserved 1048576K
Event: 4,121 GC heap after
Heap after GC invocations=6 (full 1):
 PSYoungGen      total 64000K, used 0K [0x00000000ec700000, 0x00000000f4000000, 0x0000000100000000)
  eden space 61440K, 0% used [0x00000000ec700000,0x00000000ec700000,0x00000000f0300000)
  from space 2560K, 0% used [0x00000000f0300000,0x00000000f0300000,0x00000000f0580000)
  to   space 512K, 0% used [0x00000000f3f80000,0x00000000f3f80000,0x00000000f4000000)
 ParOldGen       total 120832K, used 82176K [0x00000000c5400000, 0x00000000cca00000, 0x00000000ec700000)
  object space 120832K, 68% used [0x00000000c5400000,0x00000000ca4400a0,0x00000000cca00000)
 Metaspace       used 2446K, capacity 4490K, committed 4864K, reserved 1056768K
  class space    used 264K, capacity 386K, committed 512K, reserved 1048576K
}
Event: 4,552 GC heap before
{Heap before GC invocations=7 (full 1):
 PSYoungGen      total 64000K, used 61440K [0x00000000ec700000, 0x00000000f4000000, 0x0000000100000000)
  eden space 61440K, 100% used [0x00000000ec700000,0x00000000f0300000,0x00000000f0300000)
  from space 2560K, 0% used [0x00000000f0300000,0x00000000f0300000,0x00000000f0580000)
  to   space 512K, 0% used [0x00000000f3f80000,0x00000000f3f80000,0x00000000f4000000)
 ParOldGen       total 120832K, used 82176K [0x00000000c5400000, 0x00000000cca00000, 0x00000000ec700000)
  object space 120832K, 68% used [0x00000000c5400000,0x00000000ca4400a0,0x00000000cca00000)
 Metaspace       used 2446K, capacity 4490K, committed 4864K, reserved 1056768K
  class space    used 264K, capacity 386K, committed 512K, reserved 1048576K
Event: 4,677 GC heap after
Heap after GC invocations=7 (full 1):
 PSYoungGen      total 77824K, used 0K [0x00000000ec700000, 0x00000000f4000000, 0x0000000100000000)
  eden space 77312K, 0% used [0x00000000ec700000,0x00000000ec700000,0x00000000f1280000)
  from space 512K, 0% used [0x00000000f3f80000,0x00000000f3f80000,0x00000000f4000000)
  to   space 512K, 0% used [0x00000000f3f00000,0x00000000f3f00000,0x00000000f3f80000)
 ParOldGen       total 120832K, used 82176K [0x00000000c5400000, 0x00000000cca00000, 0x00000000ec700000)
  object space 120832K, 68% used [0x00000000c5400000,0x00000000ca4400a0,0x00000000cca00000)
 Metaspace       used 2446K, capacity 4490K, committed 4864K, reserved 1056768K
  class space    used 264K, capacity 386K, committed 512K, reserved 1048576K
}

