# JRE version: Java(TM) SE Runtime Environment (8.0_20-b26) (build 1.8.0_20-b26)
# Java VM: Java HotSpot(TM) 64-Bit Server VM (25.20-b23 mixed mode linux-amd64 compressed oops)
Heap:
 PSYoungGen      total 64000K, used 320K [0x00000000ec700000, 0x00000000f0800000, 0x0000000100000000)
  eden space 61440K, 0% used [0x00000000ec700000,0x00000000ec700000,0x00000000f0300000)
  from space 2560K, 12% used [0x00000000f0300000,0x00000000f0350020,0x00000000f0580000)
  to   space 2560K, 0% used [0x00000000f0580000,0x00000000f0580000,0x00000000f0800000)
 ParOldGen       total 164864K, used 156176K [0x00000000c5400000, 0x00000000cf500000, 0x00000000ec700000)
  object space 164864K, 94% used [0x00000000c5400000,0x00000000cec84050,0x00000000cf500000)
 Metaspace       used 2451K, capacity 4490K, committed 4864K, reserved 1056768K
  class space    used 264K, capacity 386K, committed 512K, reserved 1048576K
GC Heap History (9 events):
Event: 0,641 GC heap before
{Heap before GC invocations=1 (full 0):
 PSYoungGen      total 17920K, used 14096K [0x00000000ec700000, 0x00000000edb00000, 0x0000000100000000)
  eden space 15360K, 91% used [0x00000000ec700000,0x00000000ed4c4220,0x00000000ed600000)
  from space 2560K, 0% used [0x00000000ed880000,0x00000000ed880000,0x00000000edb00000)
  to   space 2560K, 0% used [0x00000000ed600000,0x00000000ed600000,0x00000000ed880000)
 ParOldGen       total 40960K, used 0K [0x00000000c5400000, 0x00000000c7c00000, 0x00000000ec700000)
  object space 40960K, 0% used [0x00000000c5400000,0x00000000c5400000,0x00000000c7c00000)
 Metaspace       used 2448K, capacity 4490K, committed 4864K, reserved 1056768K
  class space    used 263K, capacity 386K, committed 512K, reserved 1048576K
Event: 0,648 GC heap after
Heap after GC invocations=1 (full 0):
 PSYoungGen      total 17920K, used 384K [0x00000000ec700000, 0x00000000eea00000, 0x0000000100000000)
  eden space 15360K, 0% used [0x00000000ec700000,0x00000000ec700000,0x00000000ed600000)
  from space 2560K, 15% used [0x00000000ed600000,0x00000000ed660000,0x00000000ed880000)
  to   space 2560K, 0% used [0x00000000ee780000,0x00000000ee780000,0x00000000eea00000)
 ParOldGen       total 40960K, used 2568K [0x00000000c5400000, 0x00000000c7c00000, 0x00000000ec700000)
  object space 40960K, 6% used [0x00000000c5400000,0x00000000c5682010,0x00000000c7c00000)
 Metaspace       used 2448K, capacity 4490K, committed 4864K, reserved 1056768K
  class space    used 263K, capacity 386K, committed 512K, reserved 1048576K
}
Event: 0,675 GC heap before
{Heap before GC invocations=2 (full 0):
 PSYoungGen      total 17920K, used 15744K [0x00000000ec700000, 0x00000000eea00000, 0x0000000100000000)
  eden space 15360K, 100% used [0x00000000ec700000,0x00000000ed600000,0x00000000ed600000)
  from space 2560K, 15% used [0x00000000ed600000,0x00000000ed660000,0x00000000ed880000)
  to   space 2560K, 0% used [0x00000000ee780000,0x00000000ee780000,0x00000000eea00000)
 ParOldGen       total 40960K, used 12808K [0x00000000c5400000, 0x00000000c7c00000, 0x00000000ec700000)
  object space 40960K, 31% used [0x00000000c5400000,0x00000000c6082020,0x00000000c7c00000)
 Metaspace       used 2451K, capacity 4490K, committed 4864K, reserved 1056768K
  class space    used 264K, capacity 386K, committed 512K, reserved 1048576K
Event: 0,693 GC heap after
Heap after GC invocations=2 (full 0):
 PSYoungGen      total 33280K, used 304K [0x00000000ec700000, 0x00000000eea00000, 0x0000000100000000)
  eden space 30720K, 0% used [0x00000000ec700000,0x00000000ec700000,0x00000000ee500000)
  from space 2560K, 11% used [0x00000000ee780000,0x00000000ee7cc010,0x00000000eea00000)
  to   space 2560K, 0% used [0x00000000ee500000,0x00000000ee500000,0x00000000ee780000)
 ParOldGen       total 40960K, used 12816K [0x00000000c5400000, 0x00000000c7c00000, 0x00000000ec700000)
  object space 40960K, 31% used [0x00000000c5400000,0x00000000c6084020,0x00000000c7c00000)
 Metaspace       used 2451K, capacity 4490K, committed 4864K, reserved 1056768K
  class space    used 264K, capacity 386K, committed 512K, reserved 1048576K
}
Event: 0,780 GC heap before
{Heap before GC invocations=3 (full 0):
 PSYoungGen      total 33280K, used 31024K [0x00000000ec700000, 0x00000000eea00000, 0x0000000100000000)
  eden space 30720K, 100% used [0x00000000ec700000,0x00000000ee500000,0x00000000ee500000)
  from space 2560K, 11% used [0x00000000ee780000,0x00000000ee7cc010,0x00000000eea00000)
  to   space 2560K, 0% used [0x00000000ee500000,0x00000000ee500000,0x00000000ee780000)
 ParOldGen       total 40960K, used 33296K [0x00000000c5400000, 0x00000000c7c00000, 0x00000000ec700000)
  object space 40960K, 81% used [0x00000000c5400000,0x00000000c7484030,0x00000000c7c00000)
 Metaspace       used 2451K, capacity 4490K, committed 4864K, reserved 1056768K
  class space    used 264K, capacity 386K, committed 512K, reserved 1048576K
Event: 0,816 GC heap after
Heap after GC invocations=3 (full 0):
 PSYoungGen      total 33280K, used 304K [0x00000000ec700000, 0x00000000f0800000, 0x0000000100000000)
  eden space 30720K, 0% used [0x00000000ec700000,0x00000000ec700000,0x00000000ee500000)
  from space 2560K, 11% used [0x00000000ee500000,0x00000000ee54c010,0x00000000ee780000)
  to   space 2560K, 0% used [0x00000000f0580000,0x00000000f0580000,0x00000000f0800000)
 ParOldGen       total 40960K, used 33296K [0x00000000c5400000, 0x00000000c7c00000, 0x00000000ec700000)
  object space 40960K, 81% used [0x00000000c5400000,0x00000000c7484030,0x00000000c7c00000)
 Metaspace       used 2451K, capacity 4490K, committed 4864K, reserved 1056768K
  class space    used 264K, capacity 386K, committed 512K, reserved 1048576K
}
Event: 0,917 GC heap before
{Heap before GC invocations=4 (full 0):
 PSYoungGen      total 33280K, used 31024K [0x00000000ec700000, 0x00000000f0800000, 0x0000000100000000)
  eden space 30720K, 100% used [0x00000000ec700000,0x00000000ee500000,0x00000000ee500000)
  from space 2560K, 11% used [0x00000000ee500000,0x00000000ee54c010,0x00000000ee780000)
  to   space 2560K, 0% used [0x00000000f0580000,0x00000000f0580000,0x00000000f0800000)
 ParOldGen       total 82432K, used 74256K [0x00000000c5400000, 0x00000000ca480000, 0x00000000ec700000)
  object space 82432K, 90% used [0x00000000c5400000,0x00000000c9c84040,0x00000000ca480000)
 Metaspace       used 2451K, capacity 4490K, committed 4864K, reserved 1056768K
  class space    used 264K, capacity 386K, committed 512K, reserved 1048576K
Event: 0,996 GC heap after
Heap after GC invocations=4 (full 0):
 PSYoungGen      total 64000K, used 304K [0x00000000ec700000, 0x00000000f0800000, 0x0000000100000000)
  eden space 61440K, 0% used [0x00000000ec700000,0x00000000ec700000,0x00000000f0300000)
  from space 2560K, 11% used [0x00000000f0580000,0x00000000f05cc010,0x00000000f0800000)
  to   space 2560K, 0% used [0x00000000f0300000,0x00000000f0300000,0x00000000f0580000)
 ParOldGen       total 82432K, used 74256K [0x00000000c5400000, 0x00000000ca480000, 0x00000000ec700000)
  object space 82432K, 90% used [0x00000000c5400000,0x00000000c9c84040,0x00000000ca480000)
 Metaspace       used 2451K, capacity 4490K, committed 4864K, reserved 1056768K
  class space    used 264K, capacity 386K, committed 512K, reserved 1048576K
}
Event: 5,656 GC heap before
{Heap before GC invocations=5 (full 0):
 PSYoungGen      total 64000K, used 61744K [0x00000000ec700000, 0x00000000f0800000, 0x0000000100000000)
  eden space 61440K, 100% used [0x00000000ec700000,0x00000000f0300000,0x00000000f0300000)
  from space 2560K, 11% used [0x00000000f0580000,0x00000000f05cc010,0x00000000f0800000)
  to   space 2560K, 0% used [0x00000000f0300000,0x00000000f0300000,0x00000000f0580000)
 ParOldGen       total 164864K, used 156176K [0x00000000c5400000, 0x00000000cf500000, 0x00000000ec700000)
  object space 164864K, 94% used [0x00000000c5400000,0x00000000cec84050,0x00000000cf500000)
 Metaspace       used 2451K, capacity 4490K, committed 4864K, reserved 1056768K
  class space    used 264K, capacity 386K, committed 512K, reserved 1048576K

